2024/10/27 - GET /api/v1/products/top-products ::1 200 22ms
2024/10/27 - GET /api/v1/products? ::1 200 17ms
2024/10/27 - GET /api/v1/products/top-products ::1 304 5ms
2024/10/27 - GET /api/v1/products? ::1 304 8ms
2024/10/27 - GET /api/v1/products/top-products ::1 304 6ms
2024/10/27 - GET /api/v1/products? ::1 304 9ms
2024/10/27 - POST /api/v1/users/login ::1 400 14ms
2024/10/29 - GET /api/v1/products/top-products ::1 304 26ms
2024/10/29 - GET /api/v1/products? ::1 304 21ms
2024/10/29 - GET /api/v1/products/66a3a46915eb83db8efaf38a ::1 404 24ms
2024/10/29 - GET /api/v1/products/66a3a46915eb83db8efaf38a/check-review-status ::1 500 24ms
2024/12/8 - GET /api/v1/products/top-products ::1 304 28ms
2024/12/8 - GET /api/v1/products? ::1 304 20ms
2024/12/8 - GET /api/v1/products/top-products ::1 304 6ms
2024/12/8 - GET /api/v1/products/top-products ::1 304 5ms
2024/12/8 - GET /api/v1/products? ::1 304 11ms
2024/12/8 - GET /api/v1/products/top-products ::1 304 11ms
2024/12/8 - GET /api/v1/products? ::1 304 12ms
2024/12/8 - GET /api/v1/products/top-products ::1 304 33ms
2024/12/8 - GET /api/v1/products? ::1 304 25ms
2024/12/8 - GET /api/v1/products/top-products ::1 304 6ms
2024/12/8 - GET /api/v1/products? ::1 304 9ms
2024/12/8 - GET /api/v1/products?keyword=ihone ::1 200 36ms
2024/12/8 - GET /api/v1/products/top-products ::1 304 9ms
2024/12/8 - GET /api/v1/products? ::1 304 20ms
2024/12/8 - GET /api/v1/orders/myorders ::1 401 3ms
2024/12/8 - POST /api/v1/users/logout ::1 200 4ms
2024/12/8 - POST /api/v1/users/register ::1 404 27ms
2024/12/8 - GET / ::1 200 11ms
2024/12/8 - GET /favicon.ico ::1 404 3ms
2024/12/8 - POST /api/v1/users/register ::1 404 4ms
2024/12/8 - POST /api/v1/users/signup ::1 400 2ms
2024/12/8 - POST /api/v1/users/signup ::1 200 332ms
2024/12/8 - GET /api/v1/products/top-products ::1 304 14ms
2024/12/8 - GET /api/v1/products? ::1 304 15ms
2024/12/8 - GET /api/v1/orders/myorders ::1 200 18ms
2024/12/8 - GET /api/v1/products?keyword=iphone ::1 200 17ms
2024/12/8 - GET /api/v1/products/top-products ::1 304 8ms
2024/12/8 - GET /api/v1/products/top-products ::1 304 30ms
2024/12/8 - GET /api/v1/products? ::1 304 26ms
2024/12/8 - GET /api/v1/products/top-products ::1 304 33ms
2024/12/8 - GET /api/v1/products? ::1 304 23ms
2024/12/8 - GET /api/v1/products/top-products ::1 304 9ms
2024/12/8 - GET /api/v1/products? ::1 304 12ms
2024/12/8 - GET /api/v1/products/top-products ::1 304 20ms
2024/12/8 - GET /api/v1/products? ::1 304 25ms
2024/12/8 - GET /api/v1/products/top-products ::1 304 13ms
2024/12/8 - GET /api/v1/products? ::1 304 23ms
2024/12/8 - GET /api/v1/products/top-products ::1 304 10ms
2024/12/8 - GET /api/v1/products? ::1 304 15ms
2024/12/8 - GET /api/v1/orders/myorders ::1 304 35ms
2024/12/8 - PUT /api/v1/users/profile ::1 200 311ms
2024/12/8 - GET /api/v1/products/top-products ::1 304 8ms
2024/12/8 - GET /api/v1/products/top-products ::1 304 4ms
2024/12/8 - GET /api/v1/products? ::1 304 8ms
2024/12/8 - GET /api/v1/products/top-products ::1 304 7ms
2024/12/8 - GET /api/v1/products? ::1 304 17ms
2024/12/8 - GET /api/v1/products/top-products ::1 304 18ms
2024/12/8 - GET /api/v1/products? ::1 304 19ms
2024/12/8 - GET /api/v1/products/top-products ::1 304 12ms
2024/12/8 - GET /api/v1/products? ::1 304 19ms
2024/12/8 - GET /api/v1/products/top-products ::1 304 6ms
2024/12/8 - GET /api/v1/products? ::1 304 170ms
2024/12/8 - GET /api/v1/products/top-products ::1 200 21ms
2024/12/8 - GET /api/v1/products? ::1 200 22ms
2024/12/8 - GET /api/v1/products/top-products ::1 304 8ms
2024/12/8 - GET /api/v1/products? ::1 304 12ms
2024/12/8 - GET /api/v1/products/top-products ::1 304 13ms
2024/12/8 - GET /api/v1/products? ::1 304 20ms
2024/12/8 - GET /api/v1/products/top-products ::1 304 33ms
2024/12/8 - GET /api/v1/products? ::1 304 28ms
2024/12/8 - GET /api/v1/products/top-products ::1 304 32ms
2024/12/8 - GET /api/v1/products? ::1 304 23ms
2024/12/8 - GET /api/v1/products/top-products ::1 304 7ms
2024/12/8 - GET /api/v1/products? ::1 304 11ms
2024/12/8 - GET /api/v1/products/top-products ::1 304 20ms
2024/12/8 - GET /api/v1/products? ::1 304 34ms
2024/12/8 - GET /api/v1/products/top-products ::1 304 15ms
2024/12/8 - GET /api/v1/products? ::1 304 14ms
2024/12/8 - GET /api/v1/products/top-products ::1 304 16ms
2024/12/8 - GET /api/v1/products? ::1 304 19ms
2024/12/8 - GET /api/v1/products/top-products ::1 304 27ms
2024/12/8 - GET /api/v1/products? ::1 304 22ms
2024/12/8 - GET /api/v1/products/top-products ::1 304 12ms
2024/12/8 - GET /api/v1/products? ::1 304 17ms
2024/12/8 - GET /api/v1/products/top-products ::1 200 27ms
2024/12/8 - GET /api/v1/products? ::1 200 32ms
2024/12/8 - GET /api/v1/products/67555dec987881a07ee2ca48 ::1 200 12ms
2024/12/8 - GET /api/v1/products/67555dec987881a07ee2ca48/check-review-status ::1 500 16ms
2024/12/8 - POST /api/v1/orders/addorder ::1 500 6ms
2024/12/8 - POST /api/v1/orders/addorder ::1 500 3ms
2024/12/8 - POST /api/v1/users/logout ::1 200 2ms
2024/12/8 - GET /api/v1/products/top-products ::1 304 8ms
2024/12/8 - POST /api/v1/users/login ::1 500 4ms
2024/12/8 - POST /api/v1/users/login ::1 500 3ms
2024/12/8 - POST /api/v1/users/login ::1 500 2ms
2024/12/8 - POST /api/v1/users/login ::1 500 3ms
2024/12/8 - POST /api/v1/users/login ::1 500 4ms
2024/12/8 - POST /api/v1/users/login ::1 500 5ms
2024/12/8 - POST /api/v1/users/login ::1 500 4ms
2024/12/8 - POST /api/v1/users/login ::1 500 159ms
2024/12/8 - POST /api/v1/users/login ::1 500 100ms
2024/12/8 - POST /api/v1/users/login ::1 500 103ms
2024/12/8 - POST /api/v1/users/login ::1 500 96ms
2024/12/8 - POST /api/v1/users/login ::1 500 128ms
2024/12/8 - POST /api/v1/users/login ::1 500 107ms
2024/12/8 - POST /api/v1/users/login ::1 500 112ms
2024/12/8 - POST /api/v1/users/login ::1 500 97ms
2024/12/8 - POST /api/v1/users/login ::1 500 107ms
2024/12/8 - POST /api/v1/users/login ::1 200 95ms
2024/12/8 - GET /api/v1/products/top-products ::1 304 5ms
2024/12/8 - GET /api/v1/products? ::1 304 8ms
2024/12/8 - POST /api/v1/orders/addorder ::1 200 28ms
2024/12/8 - GET /api/v1/orders/67555f61a2475bfb831a1aeb ::1 200 17ms
2024/12/8 - PUT /api/v1/orders/67555f61a2475bfb831a1aeb/changestatus ::1 200 12ms
2024/12/8 - GET /api/v1/orders/67555f61a2475bfb831a1aeb ::1 200 10ms
2024/12/8 - GET /api/v1/products/top-products ::1 304 6ms
2024/12/8 - GET /api/v1/products/top-products ::1 304 7ms
2024/12/8 - GET /api/v1/products? ::1 304 30ms
2024/12/8 - GET /api/v1/products/top-products ::1 304 48ms
2024/12/8 - GET /api/v1/products? ::1 304 38ms
2024/12/8 - GET /api/v1/products/top-products ::1 304 73ms
2024/12/8 - GET /api/v1/products? ::1 304 68ms
2024/12/8 - GET /api/v1/products/top-products ::1 304 39ms
2024/12/8 - GET /api/v1/products? ::1 304 45ms
2024/12/8 - GET /api/v1/products/top-products ::1 304 13ms
2024/12/8 - GET /api/v1/products? ::1 304 18ms
2024/12/8 - GET /api/v1/products/67555dec987881a07ee2ca4b ::1 200 18ms
2024/12/8 - GET /api/v1/products/67555dec987881a07ee2ca4b/check-review-status ::1 200 25ms
2024/12/8 - GET /api/v1/products/top-products ::1 304 47ms
2024/12/8 - GET /api/v1/products? ::1 304 36ms
2024/12/8 - GET /api/v1/products/top-products ::1 304 18ms
2024/12/8 - GET /api/v1/products? ::1 304 41ms
2024/12/9 - GET /api/v1/products/top-products ::1 200 34ms
2024/12/9 - GET /api/v1/products? ::1 200 33ms
2024/12/9 - GET /api/v1/products/top-products ::1 304 15ms
2024/12/9 - GET /api/v1/products? ::1 304 17ms
2024/12/9 - GET /api/v1/products/top-products ::1 200 42ms
2024/12/9 - GET /api/v1/products? ::1 200 35ms
2024/12/9 - GET /api/v1/products?pageNumber=2 ::1 200 16ms
2024/12/9 - GET /api/v1/products/top-products ::1 200 50ms
2024/12/9 - GET /api/v1/products?pageNumber=2 ::1 200 46ms
2024/12/9 - GET /api/v1/products/top-products ::1 200 46ms
2024/12/9 - GET /api/v1/products? ::1 200 43ms
2024/12/9 - GET /api/v1/products/top-products ::1 304 10ms
2024/12/9 - GET /api/v1/products? ::1 304 15ms
2024/12/9 - GET /api/v1/products/top-products ::1 304 11ms
2024/12/9 - GET /api/v1/products? ::1 304 19ms
2024/12/9 - GET /api/v1/products/top-products ::1 200 43ms
2024/12/9 - GET /api/v1/products? ::1 200 44ms
2024/12/9 - GET /api/v1/products/top-products ::1 304 60ms
2024/12/9 - GET /api/v1/products? ::1 304 53ms
2024/12/9 - GET / ::1 200 1ms
2024/12/9 - GET /api/v1/products/top-products ::1 304 28ms
2024/12/9 - GET /api/v1/products? ::1 304 29ms
2024/12/9 - GET / ::1 304 2ms
2024/12/9 - GET / ::1 304 1ms
2024/12/9 - GET / ::1 304 2ms
2024/12/9 - GET / ::1 304 2ms
